# JRE version: Java(TM) SE Runtime Environment (7.0_51-b13) (build 1.7.0_51-b13)
# Java VM: Java HotSpot(TM) Client VM (24.51-b03 mixed mode windows-x86 )
Heap
 def new generation   total 13760K, used 13760K [0x04260000, 0x05140000, 0x197b0000)
  eden space 12288K, 100% used [0x04260000, 0x04e60000, 0x04e60000)
  from space 1472K, 100% used [0x04e60000, 0x04fd0000, 0x04fd0000)
  to   space 1472K,  65% used [0x04fd0000, 0x050c1af0, 0x05140000)
 tenured generation   total 30340K, used 23911K [0x197b0000, 0x1b551000, 0x44260000)
   the space 30340K,  78% used [0x197b0000, 0x1af09f88, 0x1af0a000, 0x1b551000)
 compacting perm gen  total 12288K, used 3352K [0x44260000, 0x44e60000, 0x48260000)
   the space 12288K,  27% used [0x44260000, 0x445a63e0, 0x445a6400, 0x44e60000)
GC Heap History (10 events):
Event: 4.808 GC heap after
Heap after GC invocations=23 (full 2):
 def new generation   total 13760K, used 0K [0x04260000, 0x05140000, 0x197b0000)
  eden space 12288K,   0% used [0x04260000, 0x04260000, 0x04e60000)
  from space 1472K,   0% used [0x04e60000, 0x04e60000, 0x04fd0000)
  to   space 1472K,   0% used [0x04fd0000, 0x04fd0000, 0x05140000)
 tenured generation   total 30340K, used 18203K [0x197b0000, 0x1b551000, 0x44260000)
   the space 30340K,  59% used [0x197b0000, 0x1a976c78, 0x1a976e00, 0x1b551000)
 compacting perm gen  total 12288K, used 3352K [0x44260000, 0x44e60000, 0x48260000)
   the space 12288K,  27% used [0x44260000, 0x445a62d0, 0x445a6400, 0x44e60000)
No shared spaces configured.
}
Event: 4.889 GC heap before
{Heap before GC invocations=23 (full 2):
 def new generation   total 13760K, used 12288K [0x04260000, 0x05140000, 0x197b0000)
  eden space 12288K, 100% used [0x04260000, 0x04e60000, 0x04e60000)
  from space 1472K,   0% used [0x04e60000, 0x04e60000, 0x04fd0000)
  to   space 1472K,   0% used [0x04fd0000, 0x04fd0000, 0x05140000)
 tenured generation   total 30340K, used 18203K [0x197b0000, 0x1b551000, 0x44260000)
   the space 30340K,  59% used [0x197b0000, 0x1a976c78, 0x1a976e00, 0x1b551000)
 compacting perm gen  total 12288K, used 3352K [0x44260000, 0x44e60000, 0x48260000)
   the space 12288K,  27% used [0x44260000, 0x445a62e0, 0x445a6400, 0x44e60000)
No shared spaces configured.
Event: 4.898 GC heap after
Heap after GC invocations=24 (full 2):
 def new generation   total 13760K, used 1472K [0x04260000, 0x05140000, 0x197b0000)
  eden space 12288K,   0% used [0x04260000, 0x04260000, 0x04e60000)
  from space 1472K, 100% used [0x04fd0000, 0x05140000, 0x05140000)
  to   space 1472K,   0% used [0x04e60000, 0x04e60000, 0x04fd0000)
 tenured generation   total 30340K, used 18586K [0x197b0000, 0x1b551000, 0x44260000)
   the space 30340K,  61% used [0x197b0000, 0x1a9d6800, 0x1a9d6800, 0x1b551000)
 compacting perm gen  total 12288K, used 3352K [0x44260000, 0x44e60000, 0x48260000)
   the space 12288K,  27% used [0x44260000, 0x445a62e0, 0x445a6400, 0x44e60000)
No shared spaces configured.
}
Event: 4.982 GC heap before
{Heap before GC invocations=24 (full 2):
 def new generation   total 13760K, used 13760K [0x04260000, 0x05140000, 0x197b0000)
  eden space 12288K, 100% used [0x04260000, 0x04e60000, 0x04e60000)
  from space 1472K, 100% used [0x04fd0000, 0x05140000, 0x05140000)
  to   space 1472K,   0% used [0x04e60000, 0x04e60000, 0x04fd0000)
 tenured generation   total 30340K, used 18586K [0x197b0000, 0x1b551000, 0x44260000)
   the space 30340K,  61% used [0x197b0000, 0x1a9d6800, 0x1a9d6800, 0x1b551000)
 compacting perm gen  total 12288K, used 3352K [0x44260000, 0x44e60000, 0x48260000)
   the space 12288K,  27% used [0x44260000, 0x445a6310, 0x445a6400, 0x44e60000)
No shared spaces configured.
Event: 4.995 GC heap after
Heap after GC invocations=25 (full 2):
 def new generation   total 13760K, used 1471K [0x04260000, 0x05140000, 0x197b0000)
  eden space 12288K,   0% used [0x04260000, 0x04260000, 0x04e60000)
  from space 1472K,  99% used [0x04e60000, 0x04fcfff8, 0x04fd0000)
  to   space 1472K,   0% used [0x04fd0000, 0x04fd0000, 0x05140000)
 tenured generation   total 30340K, used 20301K [0x197b0000, 0x1b551000, 0x44260000)
   the space 30340K,  66% used [0x197b0000, 0x1ab837e0, 0x1ab83800, 0x1b551000)
 compacting perm gen  total 12288K, used 3352K [0x44260000, 0x44e60000, 0x48260000)
   the space 12288K,  27% used [0x44260000, 0x445a6310, 0x445a6400, 0x44e60000)
No shared spaces configured.
}
Event: 5.079 GC heap before
{Heap before GC invocations=25 (full 2):
 def new generation   total 13760K, used 13759K [0x04260000, 0x05140000, 0x197b0000)
  eden space 12288K, 100% used [0x04260000, 0x04e60000, 0x04e60000)
  from space 1472K,  99% used [0x04e60000, 0x04fcfff8, 0x04fd0000)
  to   space 1472K,   0% used [0x04fd0000, 0x04fd0000, 0x05140000)
 tenured generation   total 30340K, used 20301K [0x197b0000, 0x1b551000, 0x44260000)
   the space 30340K,  66% used [0x197b0000, 0x1ab837e0, 0x1ab83800, 0x1b551000)
 compacting perm gen  total 12288K, used 3352K [0x44260000, 0x44e60000, 0x48260000)
   the space 12288K,  27% used [0x44260000, 0x445a6310, 0x445a6400, 0x44e60000)
No shared spaces configured.
Event: 5.091 GC heap after
Heap after GC invocations=26 (full 2):
 def new generation   total 13760K, used 1472K [0x04260000, 0x05140000, 0x197b0000)
  eden space 12288K,   0% used [0x04260000, 0x04260000, 0x04e60000)
  from space 1472K, 100% used [0x04fd0000, 0x05140000, 0x05140000)
  to   space 1472K,   0% used [0x04e60000, 0x04e60000, 0x04fd0000)
 tenured generation   total 30340K, used 22004K [0x197b0000, 0x1b551000, 0x44260000)
   the space 30340K,  72% used [0x197b0000, 0x1ad2d090, 0x1ad2d200, 0x1b551000)
 compacting perm gen  total 12288K, used 3352K [0x44260000, 0x44e60000, 0x48260000)
   the space 12288K,  27% used [0x44260000, 0x445a6310, 0x445a6400, 0x44e60000)
No shared spaces configured.
}
Event: 5.173 GC heap before
{Heap before GC invocations=26 (full 2):
 def new generation   total 13760K, used 13760K [0x04260000, 0x05140000, 0x197b0000)
  eden space 12288K, 100% used [0x04260000, 0x04e60000, 0x04e60000)
  from space 1472K, 100% used [0x04fd0000, 0x05140000, 0x05140000)
  to   space 1472K,   0% used [0x04e60000, 0x04e60000, 0x04fd0000)
 tenured generation   total 30340K, used 22004K [0x197b0000, 0x1b551000, 0x44260000)
   the space 30340K,  72% used [0x197b0000, 0x1ad2d090, 0x1ad2d200, 0x1b551000)
 compacting perm gen  total 12288K, used 3352K [0x44260000, 0x44e60000, 0x48260000)
   the space 12288K,  27% used [0x44260000, 0x445a63e0, 0x445a6400, 0x44e60000)
No shared spaces configured.
Event: 5.186 GC heap after
Heap after GC invocations=27 (full 2):
 def new generation   total 13760K, used 1472K [0x04260000, 0x05140000, 0x197b0000)
  eden space 12288K,   0% used [0x04260000, 0x04260000, 0x04e60000)
  from space 1472K, 100% used [0x04e60000, 0x04fd0000, 0x04fd0000)
  to   space 1472K,   0% used [0x04fd0000, 0x04fd0000, 0x05140000)
 tenured generation   total 30340K, used 23790K [0x197b0000, 0x1b551000, 0x44260000)
   the space 30340K,  78% used [0x197b0000, 0x1aeeb8d8, 0x1aeeba00, 0x1b551000)
 compacting perm gen  total 12288K, used 3352K [0x44260000, 0x44e60000, 0x48260000)
   the space 12288K,  27% used [0x44260000, 0x445a63e0, 0x445a6400, 0x44e60000)
No shared spaces configured.
}
Event: 5.281 GC heap before
{Heap before GC invocations=27 (full 2):
 def new generation   total 13760K, used 13760K [0x04260000, 0x05140000, 0x197b0000)
  eden space 12288K, 100% used [0x04260000, 0x04e60000, 0x04e60000)
  from space 1472K, 100% used [0x04e60000, 0x04fd0000, 0x04fd0000)
  to   space 1472K,   0% used [0x04fd0000, 0x04fd0000, 0x05140000)
 tenured generation   total 30340K, used 23790K [0x197b0000, 0x1b551000, 0x44260000)
   the space 30340K,  78% used [0x197b0000, 0x1aeeb8d8, 0x1aeeba00, 0x1b551000)
 compacting perm gen  total 12288K, used 3352K [0x44260000, 0x44e60000, 0x48260000)
   the space 12288K,  27% used [0x44260000, 0x445a63e0, 0x445a6400, 0x44e60000)
No shared spaces configured.

